Started GET "/" for 172.19.0.1 at 2019-09-11 03:17:43 +0000
Cannot render console from 172.19.0.1! Allowed networks: 127.0.0.1, ::1, 127.0.0.0/127.255.255.255
  
ActiveRecord::ConnectionNotEstablished (No connection pool with 'primary' found.):
  
activerecord (5.2.3) lib/active_record/connection_adapters/abstract/connection_pool.rb:1013:in `retrieve_connection'
activerecord (5.2.3) lib/active_record/connection_handling.rb:118:in `retrieve_connection'
activerecord (5.2.3) lib/active_record/connection_handling.rb:90:in `connection'
activerecord (5.2.3) lib/active_record/migration.rb:554:in `call'
actionpack (5.2.3) lib/action_dispatch/middleware/callbacks.rb:28:in `block in call'
activesupport (5.2.3) lib/active_support/callbacks.rb:98:in `run_callbacks'
actionpack (5.2.3) lib/action_dispatch/middleware/callbacks.rb:26:in `call'
actionpack (5.2.3) lib/action_dispatch/middleware/executor.rb:14:in `call'
actionpack (5.2.3) lib/action_dispatch/middleware/debug_exceptions.rb:61:in `call'
web-console (3.7.0) lib/web_console/middleware.rb:135:in `call_app'
web-console (3.7.0) lib/web_console/middleware.rb:22:in `block in call'
web-console (3.7.0) lib/web_console/middleware.rb:20:in `catch'
web-console (3.7.0) lib/web_console/middleware.rb:20:in `call'
actionpack (5.2.3) lib/action_dispatch/middleware/show_exceptions.rb:33:in `call'
railties (5.2.3) lib/rails/rack/logger.rb:38:in `call_app'
railties (5.2.3) lib/rails/rack/logger.rb:26:in `block in call'
activesupport (5.2.3) lib/active_support/tagged_logging.rb:71:in `block in tagged'
activesupport (5.2.3) lib/active_support/tagged_logging.rb:28:in `tagged'
activesupport (5.2.3) lib/active_support/tagged_logging.rb:71:in `tagged'
railties (5.2.3) lib/rails/rack/logger.rb:26:in `call'
sprockets-rails (3.2.1) lib/sprockets/rails/quiet_assets.rb:13:in `call'
actionpack (5.2.3) lib/action_dispatch/middleware/remote_ip.rb:81:in `call'
actionpack (5.2.3) lib/action_dispatch/middleware/request_id.rb:27:in `call'
rack (2.0.7) lib/rack/method_override.rb:22:in `call'
rack (2.0.7) lib/rack/runtime.rb:22:in `call'
activesupport (5.2.3) lib/active_support/cache/strategy/local_cache_middleware.rb:29:in `call'
actionpack (5.2.3) lib/action_dispatch/middleware/executor.rb:14:in `call'
actionpack (5.2.3) lib/action_dispatch/middleware/static.rb:127:in `call'
rack (2.0.7) lib/rack/sendfile.rb:111:in `call'
railties (5.2.3) lib/rails/engine.rb:524:in `call'
puma (3.12.1) lib/puma/configuration.rb:227:in `call'
puma (3.12.1) lib/puma/server.rb:660:in `handle_request'
puma (3.12.1) lib/puma/server.rb:474:in `process_client'
puma (3.12.1) lib/puma/server.rb:334:in `block in run'
puma (3.12.1) lib/puma/thread_pool.rb:135:in `block in spawn_thread'
Started GET "/" for 172.19.0.1 at 2019-09-11 03:17:47 +0000
Cannot render console from 172.19.0.1! Allowed networks: 127.0.0.1, ::1, 127.0.0.0/127.255.255.255
  
ActiveRecord::ConnectionNotEstablished (No connection pool with 'primary' found.):
  
activerecord (5.2.3) lib/active_record/connection_adapters/abstract/connection_pool.rb:1013:in `retrieve_connection'
activerecord (5.2.3) lib/active_record/connection_handling.rb:118:in `retrieve_connection'
activerecord (5.2.3) lib/active_record/connection_handling.rb:90:in `connection'
activerecord (5.2.3) lib/active_record/migration.rb:554:in `call'
actionpack (5.2.3) lib/action_dispatch/middleware/callbacks.rb:28:in `block in call'
activesupport (5.2.3) lib/active_support/callbacks.rb:98:in `run_callbacks'
actionpack (5.2.3) lib/action_dispatch/middleware/callbacks.rb:26:in `call'
actionpack (5.2.3) lib/action_dispatch/middleware/executor.rb:14:in `call'
actionpack (5.2.3) lib/action_dispatch/middleware/debug_exceptions.rb:61:in `call'
web-console (3.7.0) lib/web_console/middleware.rb:135:in `call_app'
web-console (3.7.0) lib/web_console/middleware.rb:22:in `block in call'
web-console (3.7.0) lib/web_console/middleware.rb:20:in `catch'
web-console (3.7.0) lib/web_console/middleware.rb:20:in `call'
actionpack (5.2.3) lib/action_dispatch/middleware/show_exceptions.rb:33:in `call'
railties (5.2.3) lib/rails/rack/logger.rb:38:in `call_app'
railties (5.2.3) lib/rails/rack/logger.rb:26:in `block in call'
activesupport (5.2.3) lib/active_support/tagged_logging.rb:71:in `block in tagged'
activesupport (5.2.3) lib/active_support/tagged_logging.rb:28:in `tagged'
activesupport (5.2.3) lib/active_support/tagged_logging.rb:71:in `tagged'
railties (5.2.3) lib/rails/rack/logger.rb:26:in `call'
sprockets-rails (3.2.1) lib/sprockets/rails/quiet_assets.rb:13:in `call'
actionpack (5.2.3) lib/action_dispatch/middleware/remote_ip.rb:81:in `call'
actionpack (5.2.3) lib/action_dispatch/middleware/request_id.rb:27:in `call'
rack (2.0.7) lib/rack/method_override.rb:22:in `call'
rack (2.0.7) lib/rack/runtime.rb:22:in `call'
activesupport (5.2.3) lib/active_support/cache/strategy/local_cache_middleware.rb:29:in `call'
actionpack (5.2.3) lib/action_dispatch/middleware/executor.rb:14:in `call'
actionpack (5.2.3) lib/action_dispatch/middleware/static.rb:127:in `call'
rack (2.0.7) lib/rack/sendfile.rb:111:in `call'
railties (5.2.3) lib/rails/engine.rb:524:in `call'
puma (3.12.1) lib/puma/configuration.rb:227:in `call'
puma (3.12.1) lib/puma/server.rb:660:in `handle_request'
puma (3.12.1) lib/puma/server.rb:474:in `process_client'
puma (3.12.1) lib/puma/server.rb:334:in `block in run'
puma (3.12.1) lib/puma/thread_pool.rb:135:in `block in spawn_thread'
Started GET "/" for 172.19.0.1 at 2019-09-11 03:17:48 +0000
Cannot render console from 172.19.0.1! Allowed networks: 127.0.0.1, ::1, 127.0.0.0/127.255.255.255
  
ActiveRecord::ConnectionNotEstablished (No connection pool with 'primary' found.):
  
activerecord (5.2.3) lib/active_record/connection_adapters/abstract/connection_pool.rb:1013:in `retrieve_connection'
activerecord (5.2.3) lib/active_record/connection_handling.rb:118:in `retrieve_connection'
activerecord (5.2.3) lib/active_record/connection_handling.rb:90:in `connection'
activerecord (5.2.3) lib/active_record/migration.rb:554:in `call'
actionpack (5.2.3) lib/action_dispatch/middleware/callbacks.rb:28:in `block in call'
activesupport (5.2.3) lib/active_support/callbacks.rb:98:in `run_callbacks'
actionpack (5.2.3) lib/action_dispatch/middleware/callbacks.rb:26:in `call'
actionpack (5.2.3) lib/action_dispatch/middleware/executor.rb:14:in `call'
actionpack (5.2.3) lib/action_dispatch/middleware/debug_exceptions.rb:61:in `call'
web-console (3.7.0) lib/web_console/middleware.rb:135:in `call_app'
web-console (3.7.0) lib/web_console/middleware.rb:22:in `block in call'
web-console (3.7.0) lib/web_console/middleware.rb:20:in `catch'
web-console (3.7.0) lib/web_console/middleware.rb:20:in `call'
actionpack (5.2.3) lib/action_dispatch/middleware/show_exceptions.rb:33:in `call'
railties (5.2.3) lib/rails/rack/logger.rb:38:in `call_app'
railties (5.2.3) lib/rails/rack/logger.rb:26:in `block in call'
activesupport (5.2.3) lib/active_support/tagged_logging.rb:71:in `block in tagged'
activesupport (5.2.3) lib/active_support/tagged_logging.rb:28:in `tagged'
activesupport (5.2.3) lib/active_support/tagged_logging.rb:71:in `tagged'
railties (5.2.3) lib/rails/rack/logger.rb:26:in `call'
sprockets-rails (3.2.1) lib/sprockets/rails/quiet_assets.rb:13:in `call'
actionpack (5.2.3) lib/action_dispatch/middleware/remote_ip.rb:81:in `call'
actionpack (5.2.3) lib/action_dispatch/middleware/request_id.rb:27:in `call'
rack (2.0.7) lib/rack/method_override.rb:22:in `call'
rack (2.0.7) lib/rack/runtime.rb:22:in `call'
activesupport (5.2.3) lib/active_support/cache/strategy/local_cache_middleware.rb:29:in `call'
actionpack (5.2.3) lib/action_dispatch/middleware/executor.rb:14:in `call'
actionpack (5.2.3) lib/action_dispatch/middleware/static.rb:127:in `call'
rack (2.0.7) lib/rack/sendfile.rb:111:in `call'
railties (5.2.3) lib/rails/engine.rb:524:in `call'
puma (3.12.1) lib/puma/configuration.rb:227:in `call'
puma (3.12.1) lib/puma/server.rb:660:in `handle_request'
puma (3.12.1) lib/puma/server.rb:474:in `process_client'
puma (3.12.1) lib/puma/server.rb:334:in `block in run'
puma (3.12.1) lib/puma/thread_pool.rb:135:in `block in spawn_thread'
Started GET "/" for 172.19.0.1 at 2019-09-11 03:17:48 +0000
Cannot render console from 172.19.0.1! Allowed networks: 127.0.0.1, ::1, 127.0.0.0/127.255.255.255
  
ActiveRecord::ConnectionNotEstablished (No connection pool with 'primary' found.):
  
activerecord (5.2.3) lib/active_record/connection_adapters/abstract/connection_pool.rb:1013:in `retrieve_connection'
activerecord (5.2.3) lib/active_record/connection_handling.rb:118:in `retrieve_connection'
activerecord (5.2.3) lib/active_record/connection_handling.rb:90:in `connection'
activerecord (5.2.3) lib/active_record/migration.rb:554:in `call'
actionpack (5.2.3) lib/action_dispatch/middleware/callbacks.rb:28:in `block in call'
activesupport (5.2.3) lib/active_support/callbacks.rb:98:in `run_callbacks'
actionpack (5.2.3) lib/action_dispatch/middleware/callbacks.rb:26:in `call'
actionpack (5.2.3) lib/action_dispatch/middleware/executor.rb:14:in `call'
actionpack (5.2.3) lib/action_dispatch/middleware/debug_exceptions.rb:61:in `call'
web-console (3.7.0) lib/web_console/middleware.rb:135:in `call_app'
web-console (3.7.0) lib/web_console/middleware.rb:22:in `block in call'
web-console (3.7.0) lib/web_console/middleware.rb:20:in `catch'
web-console (3.7.0) lib/web_console/middleware.rb:20:in `call'
actionpack (5.2.3) lib/action_dispatch/middleware/show_exceptions.rb:33:in `call'
railties (5.2.3) lib/rails/rack/logger.rb:38:in `call_app'
railties (5.2.3) lib/rails/rack/logger.rb:26:in `block in call'
activesupport (5.2.3) lib/active_support/tagged_logging.rb:71:in `block in tagged'
activesupport (5.2.3) lib/active_support/tagged_logging.rb:28:in `tagged'
activesupport (5.2.3) lib/active_support/tagged_logging.rb:71:in `tagged'
railties (5.2.3) lib/rails/rack/logger.rb:26:in `call'
sprockets-rails (3.2.1) lib/sprockets/rails/quiet_assets.rb:13:in `call'
actionpack (5.2.3) lib/action_dispatch/middleware/remote_ip.rb:81:in `call'
actionpack (5.2.3) lib/action_dispatch/middleware/request_id.rb:27:in `call'
rack (2.0.7) lib/rack/method_override.rb:22:in `call'
rack (2.0.7) lib/rack/runtime.rb:22:in `call'
activesupport (5.2.3) lib/active_support/cache/strategy/local_cache_middleware.rb:29:in `call'
actionpack (5.2.3) lib/action_dispatch/middleware/executor.rb:14:in `call'
actionpack (5.2.3) lib/action_dispatch/middleware/static.rb:127:in `call'
rack (2.0.7) lib/rack/sendfile.rb:111:in `call'
railties (5.2.3) lib/rails/engine.rb:524:in `call'
puma (3.12.1) lib/puma/configuration.rb:227:in `call'
puma (3.12.1) lib/puma/server.rb:660:in `handle_request'
puma (3.12.1) lib/puma/server.rb:474:in `process_client'
puma (3.12.1) lib/puma/server.rb:334:in `block in run'
puma (3.12.1) lib/puma/thread_pool.rb:135:in `block in spawn_thread'
Started GET "/" for 172.19.0.1 at 2019-09-11 03:17:49 +0000
Cannot render console from 172.19.0.1! Allowed networks: 127.0.0.1, ::1, 127.0.0.0/127.255.255.255
  
ActiveRecord::ConnectionNotEstablished (No connection pool with 'primary' found.):
  
activerecord (5.2.3) lib/active_record/connection_adapters/abstract/connection_pool.rb:1013:in `retrieve_connection'
activerecord (5.2.3) lib/active_record/connection_handling.rb:118:in `retrieve_connection'
activerecord (5.2.3) lib/active_record/connection_handling.rb:90:in `connection'
activerecord (5.2.3) lib/active_record/migration.rb:554:in `call'
actionpack (5.2.3) lib/action_dispatch/middleware/callbacks.rb:28:in `block in call'
activesupport (5.2.3) lib/active_support/callbacks.rb:98:in `run_callbacks'
actionpack (5.2.3) lib/action_dispatch/middleware/callbacks.rb:26:in `call'
actionpack (5.2.3) lib/action_dispatch/middleware/executor.rb:14:in `call'
actionpack (5.2.3) lib/action_dispatch/middleware/debug_exceptions.rb:61:in `call'
web-console (3.7.0) lib/web_console/middleware.rb:135:in `call_app'
web-console (3.7.0) lib/web_console/middleware.rb:22:in `block in call'
web-console (3.7.0) lib/web_console/middleware.rb:20:in `catch'
web-console (3.7.0) lib/web_console/middleware.rb:20:in `call'
actionpack (5.2.3) lib/action_dispatch/middleware/show_exceptions.rb:33:in `call'
railties (5.2.3) lib/rails/rack/logger.rb:38:in `call_app'
railties (5.2.3) lib/rails/rack/logger.rb:26:in `block in call'
activesupport (5.2.3) lib/active_support/tagged_logging.rb:71:in `block in tagged'
activesupport (5.2.3) lib/active_support/tagged_logging.rb:28:in `tagged'
activesupport (5.2.3) lib/active_support/tagged_logging.rb:71:in `tagged'
railties (5.2.3) lib/rails/rack/logger.rb:26:in `call'
sprockets-rails (3.2.1) lib/sprockets/rails/quiet_assets.rb:13:in `call'
actionpack (5.2.3) lib/action_dispatch/middleware/remote_ip.rb:81:in `call'
actionpack (5.2.3) lib/action_dispatch/middleware/request_id.rb:27:in `call'
rack (2.0.7) lib/rack/method_override.rb:22:in `call'
rack (2.0.7) lib/rack/runtime.rb:22:in `call'
activesupport (5.2.3) lib/active_support/cache/strategy/local_cache_middleware.rb:29:in `call'
actionpack (5.2.3) lib/action_dispatch/middleware/executor.rb:14:in `call'
actionpack (5.2.3) lib/action_dispatch/middleware/static.rb:127:in `call'
rack (2.0.7) lib/rack/sendfile.rb:111:in `call'
railties (5.2.3) lib/rails/engine.rb:524:in `call'
puma (3.12.1) lib/puma/configuration.rb:227:in `call'
puma (3.12.1) lib/puma/server.rb:660:in `handle_request'
puma (3.12.1) lib/puma/server.rb:474:in `process_client'
puma (3.12.1) lib/puma/server.rb:334:in `block in run'
puma (3.12.1) lib/puma/thread_pool.rb:135:in `block in spawn_thread'
Started GET "/" for 172.19.0.1 at 2019-09-11 19:58:32 +0000
Cannot render console from 172.19.0.1! Allowed networks: 127.0.0.1, ::1, 127.0.0.0/127.255.255.255
  
ActiveRecord::ConnectionNotEstablished (No connection pool with 'primary' found.):
  
activerecord (5.2.3) lib/active_record/connection_adapters/abstract/connection_pool.rb:1013:in `retrieve_connection'
activerecord (5.2.3) lib/active_record/connection_handling.rb:118:in `retrieve_connection'
activerecord (5.2.3) lib/active_record/connection_handling.rb:90:in `connection'
activerecord (5.2.3) lib/active_record/migration.rb:554:in `call'
actionpack (5.2.3) lib/action_dispatch/middleware/callbacks.rb:28:in `block in call'
activesupport (5.2.3) lib/active_support/callbacks.rb:98:in `run_callbacks'
actionpack (5.2.3) lib/action_dispatch/middleware/callbacks.rb:26:in `call'
actionpack (5.2.3) lib/action_dispatch/middleware/executor.rb:14:in `call'
actionpack (5.2.3) lib/action_dispatch/middleware/debug_exceptions.rb:61:in `call'
web-console (3.7.0) lib/web_console/middleware.rb:135:in `call_app'
web-console (3.7.0) lib/web_console/middleware.rb:22:in `block in call'
web-console (3.7.0) lib/web_console/middleware.rb:20:in `catch'
web-console (3.7.0) lib/web_console/middleware.rb:20:in `call'
actionpack (5.2.3) lib/action_dispatch/middleware/show_exceptions.rb:33:in `call'
railties (5.2.3) lib/rails/rack/logger.rb:38:in `call_app'
railties (5.2.3) lib/rails/rack/logger.rb:26:in `block in call'
activesupport (5.2.3) lib/active_support/tagged_logging.rb:71:in `block in tagged'
activesupport (5.2.3) lib/active_support/tagged_logging.rb:28:in `tagged'
activesupport (5.2.3) lib/active_support/tagged_logging.rb:71:in `tagged'
railties (5.2.3) lib/rails/rack/logger.rb:26:in `call'
sprockets-rails (3.2.1) lib/sprockets/rails/quiet_assets.rb:13:in `call'
actionpack (5.2.3) lib/action_dispatch/middleware/remote_ip.rb:81:in `call'
actionpack (5.2.3) lib/action_dispatch/middleware/request_id.rb:27:in `call'
rack (2.0.7) lib/rack/method_override.rb:22:in `call'
rack (2.0.7) lib/rack/runtime.rb:22:in `call'
activesupport (5.2.3) lib/active_support/cache/strategy/local_cache_middleware.rb:29:in `call'
actionpack (5.2.3) lib/action_dispatch/middleware/executor.rb:14:in `call'
actionpack (5.2.3) lib/action_dispatch/middleware/static.rb:127:in `call'
rack (2.0.7) lib/rack/sendfile.rb:111:in `call'
railties (5.2.3) lib/rails/engine.rb:524:in `call'
puma (3.12.1) lib/puma/configuration.rb:227:in `call'
puma (3.12.1) lib/puma/server.rb:660:in `handle_request'
puma (3.12.1) lib/puma/server.rb:474:in `process_client'
puma (3.12.1) lib/puma/server.rb:334:in `block in run'
puma (3.12.1) lib/puma/thread_pool.rb:135:in `block in spawn_thread'
Started GET "/" for 172.19.0.1 at 2019-09-11 19:59:46 +0000
Cannot render console from 172.19.0.1! Allowed networks: 127.0.0.1, ::1, 127.0.0.0/127.255.255.255
  
ActiveRecord::ConnectionNotEstablished (No connection pool with 'primary' found.):
  
activerecord (5.2.3) lib/active_record/connection_adapters/abstract/connection_pool.rb:1013:in `retrieve_connection'
activerecord (5.2.3) lib/active_record/connection_handling.rb:118:in `retrieve_connection'
activerecord (5.2.3) lib/active_record/connection_handling.rb:90:in `connection'
activerecord (5.2.3) lib/active_record/migration.rb:554:in `call'
actionpack (5.2.3) lib/action_dispatch/middleware/callbacks.rb:28:in `block in call'
activesupport (5.2.3) lib/active_support/callbacks.rb:98:in `run_callbacks'
actionpack (5.2.3) lib/action_dispatch/middleware/callbacks.rb:26:in `call'
actionpack (5.2.3) lib/action_dispatch/middleware/executor.rb:14:in `call'
actionpack (5.2.3) lib/action_dispatch/middleware/debug_exceptions.rb:61:in `call'
web-console (3.7.0) lib/web_console/middleware.rb:135:in `call_app'
web-console (3.7.0) lib/web_console/middleware.rb:22:in `block in call'
web-console (3.7.0) lib/web_console/middleware.rb:20:in `catch'
web-console (3.7.0) lib/web_console/middleware.rb:20:in `call'
actionpack (5.2.3) lib/action_dispatch/middleware/show_exceptions.rb:33:in `call'
railties (5.2.3) lib/rails/rack/logger.rb:38:in `call_app'
railties (5.2.3) lib/rails/rack/logger.rb:26:in `block in call'
activesupport (5.2.3) lib/active_support/tagged_logging.rb:71:in `block in tagged'
activesupport (5.2.3) lib/active_support/tagged_logging.rb:28:in `tagged'
activesupport (5.2.3) lib/active_support/tagged_logging.rb:71:in `tagged'
railties (5.2.3) lib/rails/rack/logger.rb:26:in `call'
sprockets-rails (3.2.1) lib/sprockets/rails/quiet_assets.rb:13:in `call'
actionpack (5.2.3) lib/action_dispatch/middleware/remote_ip.rb:81:in `call'
actionpack (5.2.3) lib/action_dispatch/middleware/request_id.rb:27:in `call'
rack (2.0.7) lib/rack/method_override.rb:22:in `call'
rack (2.0.7) lib/rack/runtime.rb:22:in `call'
activesupport (5.2.3) lib/active_support/cache/strategy/local_cache_middleware.rb:29:in `call'
actionpack (5.2.3) lib/action_dispatch/middleware/executor.rb:14:in `call'
actionpack (5.2.3) lib/action_dispatch/middleware/static.rb:127:in `call'
rack (2.0.7) lib/rack/sendfile.rb:111:in `call'
railties (5.2.3) lib/rails/engine.rb:524:in `call'
puma (3.12.1) lib/puma/configuration.rb:227:in `call'
puma (3.12.1) lib/puma/server.rb:660:in `handle_request'
puma (3.12.1) lib/puma/server.rb:474:in `process_client'
puma (3.12.1) lib/puma/server.rb:334:in `block in run'
puma (3.12.1) lib/puma/thread_pool.rb:135:in `block in spawn_thread'
Started GET "/" for 172.19.0.1 at 2019-09-11 19:59:48 +0000
Cannot render console from 172.19.0.1! Allowed networks: 127.0.0.1, ::1, 127.0.0.0/127.255.255.255
  
ActiveRecord::ConnectionNotEstablished (No connection pool with 'primary' found.):
  
activerecord (5.2.3) lib/active_record/connection_adapters/abstract/connection_pool.rb:1013:in `retrieve_connection'
activerecord (5.2.3) lib/active_record/connection_handling.rb:118:in `retrieve_connection'
activerecord (5.2.3) lib/active_record/connection_handling.rb:90:in `connection'
activerecord (5.2.3) lib/active_record/migration.rb:554:in `call'
actionpack (5.2.3) lib/action_dispatch/middleware/callbacks.rb:28:in `block in call'
activesupport (5.2.3) lib/active_support/callbacks.rb:98:in `run_callbacks'
actionpack (5.2.3) lib/action_dispatch/middleware/callbacks.rb:26:in `call'
actionpack (5.2.3) lib/action_dispatch/middleware/executor.rb:14:in `call'
actionpack (5.2.3) lib/action_dispatch/middleware/debug_exceptions.rb:61:in `call'
web-console (3.7.0) lib/web_console/middleware.rb:135:in `call_app'
web-console (3.7.0) lib/web_console/middleware.rb:22:in `block in call'
web-console (3.7.0) lib/web_console/middleware.rb:20:in `catch'
web-console (3.7.0) lib/web_console/middleware.rb:20:in `call'
actionpack (5.2.3) lib/action_dispatch/middleware/show_exceptions.rb:33:in `call'
railties (5.2.3) lib/rails/rack/logger.rb:38:in `call_app'
railties (5.2.3) lib/rails/rack/logger.rb:26:in `block in call'
activesupport (5.2.3) lib/active_support/tagged_logging.rb:71:in `block in tagged'
activesupport (5.2.3) lib/active_support/tagged_logging.rb:28:in `tagged'
activesupport (5.2.3) lib/active_support/tagged_logging.rb:71:in `tagged'
railties (5.2.3) lib/rails/rack/logger.rb:26:in `call'
sprockets-rails (3.2.1) lib/sprockets/rails/quiet_assets.rb:13:in `call'
actionpack (5.2.3) lib/action_dispatch/middleware/remote_ip.rb:81:in `call'
actionpack (5.2.3) lib/action_dispatch/middleware/request_id.rb:27:in `call'
rack (2.0.7) lib/rack/method_override.rb:22:in `call'
rack (2.0.7) lib/rack/runtime.rb:22:in `call'
activesupport (5.2.3) lib/active_support/cache/strategy/local_cache_middleware.rb:29:in `call'
actionpack (5.2.3) lib/action_dispatch/middleware/executor.rb:14:in `call'
actionpack (5.2.3) lib/action_dispatch/middleware/static.rb:127:in `call'
rack (2.0.7) lib/rack/sendfile.rb:111:in `call'
railties (5.2.3) lib/rails/engine.rb:524:in `call'
puma (3.12.1) lib/puma/configuration.rb:227:in `call'
puma (3.12.1) lib/puma/server.rb:660:in `handle_request'
puma (3.12.1) lib/puma/server.rb:474:in `process_client'
puma (3.12.1) lib/puma/server.rb:334:in `block in run'
puma (3.12.1) lib/puma/thread_pool.rb:135:in `block in spawn_thread'
  [1m[35m (1407.5ms)[0m  [1m[35mCREATE DATABASE "grupo13_development" ENCODING = 'unicode'[0m
  ↳ bin/rails:9
  [1m[35m (773.4ms)[0m  [1m[35mCREATE DATABASE "grupo13_test" ENCODING = 'unicode'[0m
  ↳ bin/rails:9
Started GET "/" for 172.20.0.1 at 2019-09-11 20:09:38 +0000
Cannot render console from 172.20.0.1! Allowed networks: 127.0.0.1, ::1, 127.0.0.0/127.255.255.255
Processing by Rails::WelcomeController#index as HTML
  Rendering /usr/local/bundle/gems/railties-5.2.3/lib/rails/templates/rails/welcome/index.html.erb
  Rendered /usr/local/bundle/gems/railties-5.2.3/lib/rails/templates/rails/welcome/index.html.erb (9.9ms)
Completed 200 OK in 118ms (Views: 63.6ms | ActiveRecord: 0.0ms)


Started GET "/" for 172.20.0.1 at 2019-09-11 23:49:30 +0000
Cannot render console from 172.20.0.1! Allowed networks: 127.0.0.1, ::1, 127.0.0.0/127.255.255.255
Processing by Rails::WelcomeController#index as HTML
  Rendering /usr/local/bundle/gems/railties-5.2.3/lib/rails/templates/rails/welcome/index.html.erb
  Rendered /usr/local/bundle/gems/railties-5.2.3/lib/rails/templates/rails/welcome/index.html.erb (2.2ms)
Completed 200 OK in 78ms (Views: 43.7ms | ActiveRecord: 0.0ms)


Started GET "/" for 172.20.0.1 at 2019-09-12 00:36:14 +0000
Cannot render console from 172.20.0.1! Allowed networks: 127.0.0.1, ::1, 127.0.0.0/127.255.255.255
Processing by WelcomeController#index as HTML
  Rendering welcome/index.html.erb within layouts/application
  Rendered welcome/index.html.erb within layouts/application (29.1ms)
Completed 200 OK in 1060ms (Views: 1037.1ms | ActiveRecord: 0.0ms)


Started GET "/" for 172.20.0.1 at 2019-09-12 01:57:22 +0000
Cannot render console from 172.20.0.1! Allowed networks: 127.0.0.1, ::1, 127.0.0.0/127.255.255.255
Processing by WelcomeController#index as HTML
  Rendering welcome/index.html.erb within layouts/application
  Rendered welcome/index.html.erb within layouts/application (1.8ms)
Completed 200 OK in 541ms (Views: 535.0ms | ActiveRecord: 0.0ms)


Started GET "/" for 172.20.0.1 at 2019-09-12 17:11:02 +0000
Cannot render console from 172.20.0.1! Allowed networks: 127.0.0.1, ::1, 127.0.0.0/127.255.255.255
Processing by WelcomeController#index as HTML
  Rendering welcome/index.html.erb within layouts/application
  Rendered welcome/index.html.erb within layouts/application (1.4ms)
Completed 200 OK in 440ms (Views: 416.4ms | ActiveRecord: 0.0ms)


Started GET "/" for 172.20.0.1 at 2019-09-14 18:33:38 +0000
Cannot render console from 172.20.0.1! Allowed networks: 127.0.0.1, ::1, 127.0.0.0/127.255.255.255
Processing by WelcomeController#index as HTML
  Rendering welcome/index.html.erb within layouts/application
  Rendered welcome/index.html.erb within layouts/application (1.4ms)
Completed 200 OK in 574ms (Views: 518.2ms | ActiveRecord: 0.0ms)


  [1m[35m (1501.2ms)[0m  [1m[35mCREATE DATABASE "grupo13_development" ENCODING = 'unicode'[0m
  ↳ bin/rails:9
  [1m[35m (1338.1ms)[0m  [1m[35mCREATE DATABASE "grupo13_test" ENCODING = 'unicode'[0m
  ↳ bin/rails:9
  [1m[35m (447.2ms)[0m  [1m[35mCREATE TABLE "schema_migrations" ("version" character varying NOT NULL PRIMARY KEY)[0m
  ↳ bin/rails:9
  [1m[35m (119.0ms)[0m  [1m[35mCREATE TABLE "ar_internal_metadata" ("key" character varying NOT NULL PRIMARY KEY, "value" character varying, "created_at" timestamp NOT NULL, "updated_at" timestamp NOT NULL)[0m
  ↳ bin/rails:9
  [1m[35m (0.7ms)[0m  [1m[34mSELECT pg_try_advisory_lock(244424148576415815)[0m
  ↳ bin/rails:9
  [1m[35m (1.1ms)[0m  [1m[34mSELECT "schema_migrations"."version" FROM "schema_migrations" ORDER BY "schema_migrations"."version" ASC[0m
  ↳ bin/rails:9
Migrating to CreateUsuarios (20190929161539)
  [1m[35m (0.5ms)[0m  [1m[35mBEGIN[0m
  ↳ bin/rails:9
  [1m[35m (0.5ms)[0m  [1m[31mROLLBACK[0m
  ↳ bin/rails:9
  [1m[35m (0.7ms)[0m  [1m[34mSELECT pg_advisory_unlock(244424148576415815)[0m
  ↳ bin/rails:9
  [1m[35m (0.2ms)[0m  [1m[34mSELECT pg_try_advisory_lock(244424148576415815)[0m
  ↳ bin/rails:9
  [1m[35m (0.3ms)[0m  [1m[34mSELECT "schema_migrations"."version" FROM "schema_migrations" ORDER BY "schema_migrations"."version" ASC[0m
  ↳ bin/rails:9
Migrating to CreateUsuarios (20190929161539)
  [1m[35m (0.1ms)[0m  [1m[35mBEGIN[0m
  ↳ bin/rails:9
  [1m[35m (146.3ms)[0m  [1m[35mCREATE TABLE "usuarios" ("id" bigserial primary key, "name" character varying, "mail" character varying, "profile" character varying, "adrress" character varying, "text" character varying, "created_at" timestamp NOT NULL, "updated_at" timestamp NOT NULL)[0m
  ↳ db/migrate/20190929161539_create_usuarios.rb:3
  [1m[36mActiveRecord::SchemaMigration Create (1.0ms)[0m  [1m[32mINSERT INTO "schema_migrations" ("version") VALUES ($1) RETURNING "version"[0m  [["version", "20190929161539"]]
  ↳ bin/rails:9
  [1m[35m (19.2ms)[0m  [1m[35mCOMMIT[0m
  ↳ bin/rails:9
  [1m[36mActiveRecord::InternalMetadata Load (0.9ms)[0m  [1m[34mSELECT  "ar_internal_metadata".* FROM "ar_internal_metadata" WHERE "ar_internal_metadata"."key" = $1 LIMIT $2[0m  [["key", "environment"], ["LIMIT", 1]]
  ↳ bin/rails:9
  [1m[35m (0.3ms)[0m  [1m[35mBEGIN[0m
  ↳ bin/rails:9
  [1m[36mActiveRecord::InternalMetadata Create (0.7ms)[0m  [1m[32mINSERT INTO "ar_internal_metadata" ("key", "value", "created_at", "updated_at") VALUES ($1, $2, $3, $4) RETURNING "key"[0m  [["key", "environment"], ["value", "development"], ["created_at", "2019-09-29 17:26:26.049457"], ["updated_at", "2019-09-29 17:26:26.049457"]]
  ↳ bin/rails:9
  [1m[35m (13.8ms)[0m  [1m[35mCOMMIT[0m
  ↳ bin/rails:9
  [1m[35m (0.7ms)[0m  [1m[34mSELECT pg_advisory_unlock(244424148576415815)[0m
  ↳ bin/rails:9
  [1m[35m (0.7ms)[0m  [1m[34mSELECT "schema_migrations"."version" FROM "schema_migrations" ORDER BY "schema_migrations"."version" ASC[0m
  ↳ bin/rails:9
  [1m[35m (0.2ms)[0m  [1m[34mSELECT pg_try_advisory_lock(244424148576415815)[0m
  ↳ bin/rails:9
  [1m[35m (0.5ms)[0m  [1m[34mSELECT "schema_migrations"."version" FROM "schema_migrations" ORDER BY "schema_migrations"."version" ASC[0m
  ↳ bin/rails:9
  [1m[36mActiveRecord::InternalMetadata Load (0.2ms)[0m  [1m[34mSELECT  "ar_internal_metadata".* FROM "ar_internal_metadata" WHERE "ar_internal_metadata"."key" = $1 LIMIT $2[0m  [["key", "environment"], ["LIMIT", 1]]
  ↳ bin/rails:9
  [1m[35m (0.3ms)[0m  [1m[35mBEGIN[0m
  ↳ bin/rails:9
  [1m[35m (0.2ms)[0m  [1m[35mCOMMIT[0m
  ↳ bin/rails:9
  [1m[35m (0.2ms)[0m  [1m[34mSELECT pg_advisory_unlock(244424148576415815)[0m
  ↳ bin/rails:9
  [1m[35m (0.2ms)[0m  [1m[34mSELECT "schema_migrations"."version" FROM "schema_migrations" ORDER BY "schema_migrations"."version" ASC[0m
  ↳ bin/rails:9
Started GET "/" for ::1 at 2019-09-29 15:06:43 -0300
  [1m[35m (0.5ms)[0m  [1m[34mSELECT "schema_migrations"."version" FROM "schema_migrations" ORDER BY "schema_migrations"."version" ASC[0m
  ↳ /home/ignacia/.rvm/gems/ruby-2.5.1/gems/activerecord-5.2.3/lib/active_record/log_subscriber.rb:98
Processing by WelcomeController#index as HTML
  Rendering welcome/index.html.erb within layouts/application
  Rendered welcome/index.html.erb within layouts/application (3.4ms)
Completed 200 OK in 2674ms (Views: 2660.6ms | ActiveRecord: 0.0ms)


Started GET "/usuarios" for ::1 at 2019-09-29 15:07:00 -0300
Processing by UsuariosController#index as HTML
Completed 500 Internal Server Error in 2ms (ActiveRecord: 0.0ms)


  
NameError (uninitialized constant UsuariosController::Usuarios):
  
app/controllers/usuarios_controller.rb:3:in `index'
Started GET "/index" for ::1 at 2019-09-29 15:07:10 -0300
  
ActionController::RoutingError (No route matches [GET] "/index"):
  
actionpack (5.2.3) lib/action_dispatch/middleware/debug_exceptions.rb:65:in `call'
web-console (3.7.0) lib/web_console/middleware.rb:135:in `call_app'
web-console (3.7.0) lib/web_console/middleware.rb:30:in `block in call'
web-console (3.7.0) lib/web_console/middleware.rb:20:in `catch'
web-console (3.7.0) lib/web_console/middleware.rb:20:in `call'
actionpack (5.2.3) lib/action_dispatch/middleware/show_exceptions.rb:33:in `call'
railties (5.2.3) lib/rails/rack/logger.rb:38:in `call_app'
railties (5.2.3) lib/rails/rack/logger.rb:26:in `block in call'
activesupport (5.2.3) lib/active_support/tagged_logging.rb:71:in `block in tagged'
activesupport (5.2.3) lib/active_support/tagged_logging.rb:28:in `tagged'
activesupport (5.2.3) lib/active_support/tagged_logging.rb:71:in `tagged'
railties (5.2.3) lib/rails/rack/logger.rb:26:in `call'
sprockets-rails (3.2.1) lib/sprockets/rails/quiet_assets.rb:13:in `call'
actionpack (5.2.3) lib/action_dispatch/middleware/remote_ip.rb:81:in `call'
actionpack (5.2.3) lib/action_dispatch/middleware/request_id.rb:27:in `call'
rack (2.0.7) lib/rack/method_override.rb:22:in `call'
rack (2.0.7) lib/rack/runtime.rb:22:in `call'
activesupport (5.2.3) lib/active_support/cache/strategy/local_cache_middleware.rb:29:in `call'
actionpack (5.2.3) lib/action_dispatch/middleware/executor.rb:14:in `call'
actionpack (5.2.3) lib/action_dispatch/middleware/static.rb:127:in `call'
rack (2.0.7) lib/rack/sendfile.rb:111:in `call'
railties (5.2.3) lib/rails/engine.rb:524:in `call'
puma (3.12.1) lib/puma/configuration.rb:227:in `call'
puma (3.12.1) lib/puma/server.rb:660:in `handle_request'
puma (3.12.1) lib/puma/server.rb:474:in `process_client'
puma (3.12.1) lib/puma/server.rb:334:in `block in run'
puma (3.12.1) lib/puma/thread_pool.rb:135:in `block in spawn_thread'
Started GET "/usuario" for ::1 at 2019-09-29 15:07:23 -0300
  
ActionController::RoutingError (No route matches [GET] "/usuario"):
  
actionpack (5.2.3) lib/action_dispatch/middleware/debug_exceptions.rb:65:in `call'
web-console (3.7.0) lib/web_console/middleware.rb:135:in `call_app'
web-console (3.7.0) lib/web_console/middleware.rb:30:in `block in call'
web-console (3.7.0) lib/web_console/middleware.rb:20:in `catch'
web-console (3.7.0) lib/web_console/middleware.rb:20:in `call'
actionpack (5.2.3) lib/action_dispatch/middleware/show_exceptions.rb:33:in `call'
railties (5.2.3) lib/rails/rack/logger.rb:38:in `call_app'
railties (5.2.3) lib/rails/rack/logger.rb:26:in `block in call'
activesupport (5.2.3) lib/active_support/tagged_logging.rb:71:in `block in tagged'
activesupport (5.2.3) lib/active_support/tagged_logging.rb:28:in `tagged'
activesupport (5.2.3) lib/active_support/tagged_logging.rb:71:in `tagged'
railties (5.2.3) lib/rails/rack/logger.rb:26:in `call'
sprockets-rails (3.2.1) lib/sprockets/rails/quiet_assets.rb:13:in `call'
actionpack (5.2.3) lib/action_dispatch/middleware/remote_ip.rb:81:in `call'
actionpack (5.2.3) lib/action_dispatch/middleware/request_id.rb:27:in `call'
rack (2.0.7) lib/rack/method_override.rb:22:in `call'
rack (2.0.7) lib/rack/runtime.rb:22:in `call'
activesupport (5.2.3) lib/active_support/cache/strategy/local_cache_middleware.rb:29:in `call'
actionpack (5.2.3) lib/action_dispatch/middleware/executor.rb:14:in `call'
actionpack (5.2.3) lib/action_dispatch/middleware/static.rb:127:in `call'
rack (2.0.7) lib/rack/sendfile.rb:111:in `call'
railties (5.2.3) lib/rails/engine.rb:524:in `call'
puma (3.12.1) lib/puma/configuration.rb:227:in `call'
puma (3.12.1) lib/puma/server.rb:660:in `handle_request'
puma (3.12.1) lib/puma/server.rb:474:in `process_client'
puma (3.12.1) lib/puma/server.rb:334:in `block in run'
puma (3.12.1) lib/puma/thread_pool.rb:135:in `block in spawn_thread'
Started GET "/usuarios" for ::1 at 2019-09-29 15:07:25 -0300
Processing by UsuariosController#index as HTML
Completed 500 Internal Server Error in 4ms (ActiveRecord: 0.0ms)


  
NameError (uninitialized constant UsuariosController::Usuarios):
  
app/controllers/usuarios_controller.rb:3:in `index'
Started GET "/usuarios" for ::1 at 2019-09-29 15:07:48 -0300
Processing by UsuariosController#index as HTML
Completed 500 Internal Server Error in 96ms (ActiveRecord: 0.0ms)


  
NameError (undefined local variable or method `usuarios' for #<UsuariosController:0x00005563805b4350>
Did you mean?  usuarios_url):
  
app/controllers/usuarios_controller.rb:3:in `index'
Started GET "/usuarios" for ::1 at 2019-09-29 15:08:15 -0300
Processing by UsuariosController#index as HTML
  Rendering usuarios/index.html.erb within layouts/application
  [1m[36mUsuario Load (1.3ms)[0m  [1m[34mSELECT "usuarios".* FROM "usuarios"[0m
  ↳ app/views/usuarios/index.html.erb:12
  Rendered usuarios/index.html.erb within layouts/application (11.1ms)
Completed 200 OK in 165ms (Views: 51.2ms | ActiveRecord: 4.6ms)


Started GET "/usuarios" for ::1 at 2019-09-29 15:48:22 -0300
  [1m[35m (0.5ms)[0m  [1m[34mSELECT "schema_migrations"."version" FROM "schema_migrations" ORDER BY "schema_migrations"."version" ASC[0m
  ↳ /home/ignacia/.rvm/gems/ruby-2.5.1/gems/activerecord-5.2.3/lib/active_record/log_subscriber.rb:98
  
ActiveRecord::PendingMigrationError (

Migrations are pending. To resolve this issue, run:

        bin/rails db:migrate RAILS_ENV=development

):
  
activerecord (5.2.3) lib/active_record/migration.rb:579:in `check_pending!'
activerecord (5.2.3) lib/active_record/migration.rb:556:in `call'
actionpack (5.2.3) lib/action_dispatch/middleware/callbacks.rb:28:in `block in call'
activesupport (5.2.3) lib/active_support/callbacks.rb:98:in `run_callbacks'
actionpack (5.2.3) lib/action_dispatch/middleware/callbacks.rb:26:in `call'
actionpack (5.2.3) lib/action_dispatch/middleware/executor.rb:14:in `call'
actionpack (5.2.3) lib/action_dispatch/middleware/debug_exceptions.rb:61:in `call'
web-console (3.7.0) lib/web_console/middleware.rb:135:in `call_app'
web-console (3.7.0) lib/web_console/middleware.rb:30:in `block in call'
web-console (3.7.0) lib/web_console/middleware.rb:20:in `catch'
web-console (3.7.0) lib/web_console/middleware.rb:20:in `call'
actionpack (5.2.3) lib/action_dispatch/middleware/show_exceptions.rb:33:in `call'
railties (5.2.3) lib/rails/rack/logger.rb:38:in `call_app'
railties (5.2.3) lib/rails/rack/logger.rb:26:in `block in call'
activesupport (5.2.3) lib/active_support/tagged_logging.rb:71:in `block in tagged'
activesupport (5.2.3) lib/active_support/tagged_logging.rb:28:in `tagged'
activesupport (5.2.3) lib/active_support/tagged_logging.rb:71:in `tagged'
railties (5.2.3) lib/rails/rack/logger.rb:26:in `call'
sprockets-rails (3.2.1) lib/sprockets/rails/quiet_assets.rb:13:in `call'
actionpack (5.2.3) lib/action_dispatch/middleware/remote_ip.rb:81:in `call'
actionpack (5.2.3) lib/action_dispatch/middleware/request_id.rb:27:in `call'
rack (2.0.7) lib/rack/method_override.rb:22:in `call'
rack (2.0.7) lib/rack/runtime.rb:22:in `call'
activesupport (5.2.3) lib/active_support/cache/strategy/local_cache_middleware.rb:29:in `call'
actionpack (5.2.3) lib/action_dispatch/middleware/executor.rb:14:in `call'
actionpack (5.2.3) lib/action_dispatch/middleware/static.rb:127:in `call'
rack (2.0.7) lib/rack/sendfile.rb:111:in `call'
railties (5.2.3) lib/rails/engine.rb:524:in `call'
puma (3.12.1) lib/puma/configuration.rb:227:in `call'
puma (3.12.1) lib/puma/server.rb:660:in `handle_request'
puma (3.12.1) lib/puma/server.rb:474:in `process_client'
puma (3.12.1) lib/puma/server.rb:334:in `block in run'
puma (3.12.1) lib/puma/thread_pool.rb:135:in `block in spawn_thread'
Started GET "/" for ::1 at 2019-09-29 15:48:33 -0300
  [1m[35m (0.1ms)[0m  [1m[34mSELECT "schema_migrations"."version" FROM "schema_migrations" ORDER BY "schema_migrations"."version" ASC[0m
  ↳ /home/ignacia/.rvm/gems/ruby-2.5.1/gems/activerecord-5.2.3/lib/active_record/log_subscriber.rb:98
  
ActiveRecord::PendingMigrationError (

Migrations are pending. To resolve this issue, run:

        bin/rails db:migrate RAILS_ENV=development

):
  
activerecord (5.2.3) lib/active_record/migration.rb:579:in `check_pending!'
activerecord (5.2.3) lib/active_record/migration.rb:556:in `call'
actionpack (5.2.3) lib/action_dispatch/middleware/callbacks.rb:28:in `block in call'
activesupport (5.2.3) lib/active_support/callbacks.rb:98:in `run_callbacks'
actionpack (5.2.3) lib/action_dispatch/middleware/callbacks.rb:26:in `call'
actionpack (5.2.3) lib/action_dispatch/middleware/executor.rb:14:in `call'
actionpack (5.2.3) lib/action_dispatch/middleware/debug_exceptions.rb:61:in `call'
web-console (3.7.0) lib/web_console/middleware.rb:135:in `call_app'
web-console (3.7.0) lib/web_console/middleware.rb:30:in `block in call'
web-console (3.7.0) lib/web_console/middleware.rb:20:in `catch'
web-console (3.7.0) lib/web_console/middleware.rb:20:in `call'
actionpack (5.2.3) lib/action_dispatch/middleware/show_exceptions.rb:33:in `call'
railties (5.2.3) lib/rails/rack/logger.rb:38:in `call_app'
railties (5.2.3) lib/rails/rack/logger.rb:26:in `block in call'
activesupport (5.2.3) lib/active_support/tagged_logging.rb:71:in `block in tagged'
activesupport (5.2.3) lib/active_support/tagged_logging.rb:28:in `tagged'
activesupport (5.2.3) lib/active_support/tagged_logging.rb:71:in `tagged'
railties (5.2.3) lib/rails/rack/logger.rb:26:in `call'
sprockets-rails (3.2.1) lib/sprockets/rails/quiet_assets.rb:13:in `call'
actionpack (5.2.3) lib/action_dispatch/middleware/remote_ip.rb:81:in `call'
actionpack (5.2.3) lib/action_dispatch/middleware/request_id.rb:27:in `call'
rack (2.0.7) lib/rack/method_override.rb:22:in `call'
rack (2.0.7) lib/rack/runtime.rb:22:in `call'
activesupport (5.2.3) lib/active_support/cache/strategy/local_cache_middleware.rb:29:in `call'
actionpack (5.2.3) lib/action_dispatch/middleware/executor.rb:14:in `call'
actionpack (5.2.3) lib/action_dispatch/middleware/static.rb:127:in `call'
rack (2.0.7) lib/rack/sendfile.rb:111:in `call'
railties (5.2.3) lib/rails/engine.rb:524:in `call'
puma (3.12.1) lib/puma/configuration.rb:227:in `call'
puma (3.12.1) lib/puma/server.rb:660:in `handle_request'
puma (3.12.1) lib/puma/server.rb:474:in `process_client'
puma (3.12.1) lib/puma/server.rb:334:in `block in run'
puma (3.12.1) lib/puma/thread_pool.rb:135:in `block in spawn_thread'
  [1m[35m (0.1ms)[0m  [1m[34mSELECT pg_try_advisory_lock(244424148576415815)[0m
  ↳ bin/rails:9
  [1m[35m (0.3ms)[0m  [1m[34mSELECT "schema_migrations"."version" FROM "schema_migrations" ORDER BY "schema_migrations"."version" ASC[0m
  ↳ bin/rails:9
Migrating to CreatePlatos (20190929183740)
  [1m[35m (0.1ms)[0m  [1m[35mBEGIN[0m
  ↳ bin/rails:9
  [1m[35m (91.1ms)[0m  [1m[35mCREATE TABLE "platos" ("id" bigserial primary key, "name" character varying, "price" integer, "description" text, "cantidad" character varying, "imagen" character varying, "valoracion" integer, "created_at" timestamp NOT NULL, "updated_at" timestamp NOT NULL)[0m
  ↳ db/migrate/20190929183740_create_platos.rb:3
  [1m[36mActiveRecord::SchemaMigration Create (0.7ms)[0m  [1m[32mINSERT INTO "schema_migrations" ("version") VALUES ($1) RETURNING "version"[0m  [["version", "20190929183740"]]
  ↳ bin/rails:9
  [1m[35m (19.2ms)[0m  [1m[35mCOMMIT[0m
  ↳ bin/rails:9
  [1m[36mActiveRecord::InternalMetadata Load (0.8ms)[0m  [1m[34mSELECT  "ar_internal_metadata".* FROM "ar_internal_metadata" WHERE "ar_internal_metadata"."key" = $1 LIMIT $2[0m  [["key", "environment"], ["LIMIT", 1]]
  ↳ bin/rails:9
  [1m[35m (0.1ms)[0m  [1m[35mBEGIN[0m
  ↳ bin/rails:9
  [1m[35m (0.1ms)[0m  [1m[35mCOMMIT[0m
  ↳ bin/rails:9
  [1m[35m (0.2ms)[0m  [1m[34mSELECT pg_advisory_unlock(244424148576415815)[0m
  ↳ bin/rails:9
  [1m[35m (0.2ms)[0m  [1m[34mSELECT "schema_migrations"."version" FROM "schema_migrations" ORDER BY "schema_migrations"."version" ASC[0m
  ↳ bin/rails:9
Started GET "/" for ::1 at 2019-09-29 16:02:46 -0300
  [1m[35m (0.3ms)[0m  [1m[34mSELECT "schema_migrations"."version" FROM "schema_migrations" ORDER BY "schema_migrations"."version" ASC[0m
  ↳ /home/ignacia/.rvm/gems/ruby-2.5.1/gems/activerecord-5.2.3/lib/active_record/log_subscriber.rb:98
Processing by WelcomeController#index as HTML
  Rendering welcome/index.html.erb within layouts/application
  Rendered welcome/index.html.erb within layouts/application (0.4ms)
Completed 200 OK in 143ms (Views: 139.5ms | ActiveRecord: 0.0ms)


Started GET "/platos" for ::1 at 2019-09-29 16:02:53 -0300
Processing by PlatosController#index as HTML
  Rendering platos/index.html.erb within layouts/application
  [1m[36mPlato Load (0.7ms)[0m  [1m[34mSELECT "platos".* FROM "platos"[0m
  ↳ app/views/platos/index.html.erb:12
  Rendered platos/index.html.erb within layouts/application (4.6ms)
Completed 200 OK in 24ms (Views: 17.6ms | ActiveRecord: 2.4ms)


